<?xml version='1.0' encoding='UTF-8'?>
<testsuite hostname="MacBookPro-Alex.local" name="transforms.specific.NonLinearTransformationTableTests" tests="6" errors="0" failures="0" skipped="0" time="0.017" timestamp="2023-12-17T17:25:21">
          <properties>
[...]
</properties>
          <testcase classname="transforms.specific.NonLinearTransformationTableTests" name="Lower bound" time="0.017">
                      
                    </testcase><testcase classname="transforms.specific.NonLinearTransformationTableTests" name="Mid-Lower bound" time="0.0">
                      
                    </testcase><testcase classname="transforms.specific.NonLinearTransformationTableTests" name="Mid-Upper bound" time="0.0">
                      
                    </testcase><testcase classname="transforms.specific.NonLinearTransformationTableTests" name="Upper bound" time="0.0">
                      
                    </testcase><testcase classname="transforms.specific.NonLinearTransformationTableTests" name="Out of range (below)" time="0.0">
                      
                    </testcase><testcase classname="transforms.specific.NonLinearTransformationTableTests" name="Out of range (above)" time="0.0">
                      
                    </testcase>
          <system-out><![CDATA[]]></system-out>
          <system-err><![CDATA[]]></system-err>
        </testsuite>